TN:
SF:src/pageLoader.js
FN:35,generateFilename
FN:42,generateResourceDirName
FN:49,generateResourceFileName
FN:64,isLocalResource
FN:70,downloadImage
FN:89,downloadTextResource
FN:108,createResourceDirectory
FN:124,processResourceType
FN:158,processImages
FN:212,processAllResources
FN:282,downloadPageContent
FN:313,saveProcessedHtml
FN:333,load
FNF:13
FNH:13
FNDA:8,generateFilename
FNDA:3,generateResourceDirName
FNDA:5,generateResourceFileName
FNDA:8,isLocalResource
FNDA:2,downloadImage
FNDA:4,downloadTextResource
FNDA:3,createResourceDirectory
FNDA:7,processResourceType
FNDA:3,processImages
FNDA:3,processAllResources
FNDA:8,downloadPageContent
FNDA:4,saveProcessedHtml
FNDA:8,load
DA:1,1
DA:2,1
DA:3,1
DA:4,1
DA:5,1
DA:6,1
DA:7,1
DA:8,1
DA:9,1
DA:10,1
DA:11,1
DA:12,1
DA:13,0
DA:14,0
DA:15,0
DA:16,0
DA:17,0
DA:18,0
DA:19,0
DA:20,0
DA:21,0
DA:22,0
DA:23,0
DA:24,0
DA:25,0
DA:26,0
DA:27,0
DA:28,0
DA:29,0
DA:30,0
DA:31,0
DA:32,0
DA:33,0
DA:34,1
DA:35,1
DA:36,8
DA:37,8
DA:38,8
DA:39,8
DA:40,8
DA:41,1
DA:42,1
DA:43,3
DA:44,3
DA:45,3
DA:46,3
DA:47,3
DA:48,1
DA:49,1
DA:50,5
DA:51,5
DA:52,5
DA:53,5
DA:54,5
DA:55,0
DA:56,0
DA:57,0
DA:58,5
DA:59,5
DA:60,5
DA:61,5
DA:62,5
DA:63,1
DA:64,1
DA:65,8
DA:66,8
DA:67,8
DA:68,8
DA:69,1
DA:70,1
DA:71,2
DA:72,2
DA:73,2
DA:74,2
DA:75,2
DA:76,0
DA:77,0
DA:78,0
DA:79,0
DA:80,0
DA:81,0
DA:82,0
DA:83,0
DA:84,0
DA:85,0
DA:86,0
DA:87,2
DA:88,1
DA:89,1
DA:90,4
DA:91,4
DA:92,3
DA:93,3
DA:94,4
DA:95,1
DA:96,1
DA:97,1
DA:98,1
DA:99,0
DA:100,0
DA:101,0
DA:102,0
DA:103,0
DA:104,0
DA:105,0
DA:106,4
DA:107,1
DA:108,1
DA:109,3
DA:110,3
DA:111,3
DA:112,3
DA:113,3
DA:114,0
DA:115,0
DA:116,0
DA:117,0
DA:118,0
DA:119,0
DA:120,0
DA:121,0
DA:122,3
DA:123,1
DA:124,1
DA:125,7
DA:126,7
DA:127,7
DA:128,7
DA:129,7
DA:130,7
DA:131,5
DA:132,5
DA:133,5
DA:134,5
DA:135,5
DA:136,5
DA:137,4
DA:138,4
DA:139,3
DA:140,3
DA:141,3
DA:142,3
DA:143,3
DA:144,4
DA:145,4
DA:146,4
DA:147,4
DA:148,5
DA:149,5
DA:150,7
DA:151,7
DA:152,4
DA:153,4
DA:154,7
DA:155,7
DA:156,7
DA:157,1
DA:158,1
DA:159,3
DA:160,3
DA:161,3
DA:162,3
DA:163,3
DA:164,3
DA:165,3
DA:166,3
DA:167,3
DA:168,3
DA:169,2
DA:170,2
DA:171,2
DA:172,2
DA:173,2
DA:174,2
DA:175,2
DA:176,2
DA:177,2
DA:178,2
DA:179,2
DA:180,3
DA:181,3
DA:182,3
DA:183,3
DA:184,3
DA:185,3
DA:186,2
DA:187,2
DA:188,2
DA:189,2
DA:190,2
DA:191,2
DA:192,0
DA:193,0
DA:194,0
DA:195,0
DA:196,0
DA:197,0
DA:198,0
DA:199,0
DA:200,0
DA:201,0
DA:202,0
DA:203,0
DA:204,0
DA:205,0
DA:206,0
DA:207,2
DA:208,3
DA:209,3
DA:210,3
DA:211,1
DA:212,1
DA:213,3
DA:214,3
DA:215,3
DA:216,3
DA:217,3
DA:218,3
DA:219,3
DA:220,3
DA:221,3
DA:222,3
DA:223,3
DA:224,3
DA:225,3
DA:226,3
DA:227,3
DA:228,3
DA:229,3
DA:230,3
DA:231,3
DA:232,3
DA:233,3
DA:234,3
DA:235,3
DA:236,2
DA:237,2
DA:238,2
DA:239,2
DA:240,2
DA:241,2
DA:242,2
DA:243,2
DA:244,2
DA:245,2
DA:246,2
DA:247,2
DA:248,2
DA:249,2
DA:250,2
DA:251,2
DA:252,2
DA:253,2
DA:254,2
DA:255,2
DA:256,2
DA:257,2
DA:258,2
DA:259,2
DA:260,2
DA:261,2
DA:262,2
DA:263,2
DA:264,2
DA:265,2
DA:266,2
DA:267,2
DA:268,3
DA:269,1
DA:270,1
DA:271,2
DA:272,3
DA:273,0
DA:274,0
DA:275,2
DA:276,2
DA:277,2
DA:278,2
DA:279,2
DA:280,3
DA:281,1
DA:282,1
DA:283,8
DA:284,8
DA:285,8
DA:286,5
DA:287,5
DA:288,5
DA:289,5
DA:290,8
DA:291,3
DA:292,1
DA:293,1
DA:294,3
DA:295,1
DA:296,1
DA:297,3
DA:298,1
DA:299,1
DA:300,0
DA:301,0
DA:302,0
DA:303,0
DA:304,0
DA:305,0
DA:306,0
DA:307,0
DA:308,0
DA:309,0
DA:310,0
DA:311,8
DA:312,1
DA:313,1
DA:314,4
DA:315,4
DA:316,4
DA:317,4
DA:318,4
DA:319,4
DA:320,0
DA:321,0
DA:322,0
DA:323,0
DA:324,0
DA:325,0
DA:326,0
DA:327,0
DA:328,0
DA:329,0
DA:330,0
DA:331,4
DA:332,1
DA:333,1
DA:334,8
DA:335,8
DA:336,8
DA:337,8
DA:338,8
DA:339,8
DA:340,8
DA:341,8
DA:342,5
DA:343,5
DA:344,8
DA:345,8
DA:346,8
DA:347,8
DA:348,8
DA:349,3
DA:350,3
DA:351,2
DA:352,2
DA:353,2
DA:354,2
DA:355,2
DA:356,4
DA:357,4
DA:358,4
DA:359,4
DA:360,4
DA:361,8
DA:362,1
DA:363,1
LF:363
LH:274
BRDA:1,0,0,1
BRDA:12,1,0,0
BRDA:35,2,0,8
BRDA:42,3,0,3
BRDA:49,4,0,5
BRDA:54,5,0,0
BRDA:64,6,0,8
BRDA:70,7,0,2
BRDA:75,8,0,0
BRDA:89,9,0,4
BRDA:92,10,0,3
BRDA:94,11,0,1
BRDA:98,12,0,0
BRDA:98,13,0,0
BRDA:108,14,0,3
BRDA:113,15,0,0
BRDA:124,16,0,7
BRDA:130,17,0,5
BRDA:136,18,0,4
BRDA:151,19,0,4
BRDA:137,20,0,4
BRDA:139,21,0,3
BRDA:158,22,0,3
BRDA:168,23,0,2
BRDA:185,24,0,2
BRDA:189,25,0,0
BRDA:192,26,0,0
BRDA:169,27,0,2
BRDA:212,28,0,3
BRDA:236,29,0,2
BRDA:268,30,0,1
BRDA:271,31,0,2
BRDA:272,32,0,0
BRDA:275,33,0,2
BRDA:282,34,0,8
BRDA:286,35,0,5
BRDA:290,36,0,3
BRDA:291,37,0,1
BRDA:294,38,0,2
BRDA:294,39,0,1
BRDA:297,40,0,1
BRDA:300,41,0,0
BRDA:313,42,0,4
BRDA:319,43,0,0
BRDA:333,44,0,8
BRDA:342,45,0,5
BRDA:344,46,0,3
BRDA:344,47,0,2
BRDA:348,48,0,3
BRDA:351,49,0,2
BRDA:352,50,0,2
BRDA:356,51,0,4
BRF:52
BRH:41
end_of_record
