TN:
SF:src/pageLoader.js
FN:35,generateFilename
FN:42,generateResourceDirName
FN:49,generateResourceFileName
FN:64,isLocalResource
FN:70,downloadImage
FN:89,downloadTextResource
FN:108,processAllResources
FN:167,task
FN:310,load
FNF:9
FNH:9
FNDA:5,generateFilename
FNDA:3,generateResourceDirName
FNDA:32,generateResourceFileName
FNDA:35,isLocalResource
FNDA:3,downloadImage
FNDA:29,downloadTextResource
FNDA:3,processAllResources
FNDA:3,task
FNDA:5,load
DA:1,1
DA:2,1
DA:3,1
DA:4,1
DA:5,1
DA:6,1
DA:7,1
DA:8,1
DA:9,1
DA:10,1
DA:11,1
DA:12,1
DA:13,0
DA:14,0
DA:15,0
DA:16,0
DA:17,0
DA:18,0
DA:19,0
DA:20,0
DA:21,0
DA:22,0
DA:23,0
DA:24,0
DA:25,0
DA:26,0
DA:27,0
DA:28,0
DA:29,0
DA:30,0
DA:31,0
DA:32,0
DA:33,0
DA:34,1
DA:35,1
DA:36,5
DA:37,5
DA:38,5
DA:39,5
DA:40,5
DA:41,1
DA:42,1
DA:43,3
DA:44,3
DA:45,3
DA:46,3
DA:47,3
DA:48,1
DA:49,1
DA:50,32
DA:51,32
DA:52,32
DA:53,32
DA:54,32
DA:55,2
DA:56,2
DA:57,2
DA:58,32
DA:59,32
DA:60,32
DA:61,32
DA:62,32
DA:63,1
DA:64,1
DA:65,35
DA:66,35
DA:67,35
DA:68,35
DA:69,1
DA:70,1
DA:71,3
DA:72,3
DA:73,3
DA:74,3
DA:75,3
DA:76,0
DA:77,0
DA:78,0
DA:79,0
DA:80,0
DA:81,0
DA:82,0
DA:83,0
DA:84,0
DA:85,0
DA:86,0
DA:87,3
DA:88,1
DA:89,1
DA:90,29
DA:91,29
DA:92,29
DA:93,29
DA:94,29
DA:95,0
DA:96,0
DA:97,0
DA:98,0
DA:99,0
DA:100,0
DA:101,0
DA:102,0
DA:103,0
DA:104,0
DA:105,0
DA:106,29
DA:107,1
DA:108,1
DA:109,3
DA:110,3
DA:111,3
DA:112,3
DA:113,3
DA:114,3
DA:115,3
DA:116,3
DA:117,3
DA:118,3
DA:119,0
DA:120,0
DA:121,0
DA:122,0
DA:123,0
DA:124,0
DA:125,0
DA:126,0
DA:127,3
DA:128,3
DA:129,3
DA:130,3
DA:131,3
DA:132,3
DA:133,3
DA:134,3
DA:135,3
DA:136,3
DA:137,3
DA:138,3
DA:139,3
DA:140,3
DA:141,3
DA:142,3
DA:143,3
DA:144,3
DA:145,3
DA:146,3
DA:147,3
DA:148,3
DA:149,3
DA:150,3
DA:151,3
DA:152,3
DA:153,3
DA:154,3
DA:155,3
DA:156,3
DA:157,3
DA:158,3
DA:159,3
DA:160,3
DA:161,3
DA:162,3
DA:163,3
DA:164,3
DA:165,3
DA:166,3
DA:167,3
DA:168,3
DA:169,3
DA:170,3
DA:171,3
DA:172,3
DA:173,3
DA:174,3
DA:175,3
DA:176,3
DA:177,3
DA:178,3
DA:179,3
DA:180,3
DA:181,3
DA:182,3
DA:183,3
DA:184,3
DA:185,3
DA:186,3
DA:187,3
DA:188,3
DA:189,6
DA:190,6
DA:191,6
DA:192,6
DA:193,6
DA:194,6
DA:195,6
DA:196,6
DA:197,6
DA:198,6
DA:199,6
DA:200,6
DA:201,6
DA:202,6
DA:203,6
DA:204,6
DA:205,6
DA:206,6
DA:207,6
DA:208,6
DA:209,6
DA:210,6
DA:211,6
DA:212,3
DA:213,3
DA:214,3
DA:215,3
DA:216,3
DA:217,3
DA:218,3
DA:219,6
DA:220,6
DA:221,6
DA:222,6
DA:223,6
DA:224,6
DA:225,3
DA:226,3
DA:227,3
DA:228,3
DA:229,3
DA:230,3
DA:231,3
DA:232,24
DA:233,24
DA:234,24
DA:235,24
DA:236,24
DA:237,24
DA:238,24
DA:239,21
DA:240,21
DA:241,21
DA:242,21
DA:243,21
DA:244,21
DA:245,20
DA:246,20
DA:247,21
DA:248,21
DA:249,21
DA:250,21
DA:251,24
DA:252,24
DA:253,24
DA:254,24
DA:255,3
DA:256,3
DA:257,3
DA:258,3
DA:259,2
DA:260,2
DA:261,3
DA:262,14
DA:263,14
DA:264,2
DA:265,2
DA:266,2
DA:267,2
DA:268,2
DA:269,2
DA:270,2
DA:271,2
DA:272,2
DA:273,2
DA:274,2
DA:275,2
DA:276,2
DA:277,2
DA:278,2
DA:279,2
DA:280,2
DA:281,2
DA:282,2
DA:283,2
DA:284,1
DA:285,1
DA:286,2
DA:287,2
DA:288,2
DA:289,2
DA:290,2
DA:291,2
DA:292,2
DA:293,2
DA:294,2
DA:295,2
DA:296,2
DA:297,2
DA:298,1
DA:299,1
DA:300,1
DA:301,1
DA:302,1
DA:303,1
DA:304,1
DA:305,1
DA:306,1
DA:307,1
DA:308,3
DA:309,1
DA:310,1
DA:311,5
DA:312,5
DA:313,5
DA:314,5
DA:315,5
DA:316,5
DA:317,5
DA:318,5
DA:319,5
DA:320,5
DA:321,5
DA:322,3
DA:323,3
DA:324,3
DA:325,5
DA:326,2
DA:327,1
DA:328,1
DA:329,2
DA:330,0
DA:331,0
DA:332,2
DA:333,0
DA:334,0
DA:335,1
DA:336,1
DA:337,1
DA:338,0
DA:339,0
DA:340,0
DA:341,0
DA:342,0
DA:343,0
DA:344,0
DA:345,0
DA:346,3
DA:347,3
DA:348,5
DA:349,5
DA:350,5
DA:351,5
DA:352,5
DA:353,3
DA:354,3
DA:355,3
DA:356,1
DA:357,0
DA:358,0
DA:359,0
DA:360,0
DA:361,0
DA:362,1
DA:363,1
DA:364,1
DA:365,1
DA:366,1
DA:367,1
DA:368,1
DA:369,5
DA:370,0
DA:371,0
DA:372,0
DA:373,0
DA:374,0
DA:375,0
DA:376,0
DA:377,0
DA:378,0
DA:379,0
DA:380,0
DA:381,1
DA:382,1
DA:383,5
DA:384,1
DA:385,1
LF:385
LH:306
BRDA:1,0,0,1
BRDA:12,1,0,0
BRDA:35,2,0,5
BRDA:42,3,0,3
BRDA:49,4,0,32
BRDA:54,5,0,2
BRDA:64,6,0,35
BRDA:70,7,0,3
BRDA:75,8,0,0
BRDA:89,9,0,29
BRDA:94,10,0,0
BRDA:108,11,0,3
BRDA:118,12,0,0
BRDA:188,13,0,6
BRDA:218,14,0,6
BRDA:231,15,0,24
BRDA:238,16,0,21
BRDA:259,17,0,2
BRDA:261,18,0,14
BRDA:264,19,0,2
BRDA:298,20,0,1
BRDA:146,21,0,3
BRDA:165,22,0,3
BRDA:167,23,0,3
BRDA:197,24,0,6
BRDA:240,25,0,21
BRDA:245,26,0,20
BRDA:279,27,0,2
BRDA:284,28,0,1
BRDA:310,29,0,5
BRDA:322,30,0,3
BRDA:325,31,0,2
BRDA:326,32,0,1
BRDA:326,33,0,1
BRDA:329,34,0,0
BRDA:329,35,0,0
BRDA:332,36,0,1
BRDA:332,37,0,0
BRDA:332,38,0,0
BRDA:335,39,0,1
BRDA:338,40,0,0
BRDA:346,41,0,3
BRDA:348,42,0,0
BRDA:348,43,0,0
BRDA:352,44,0,3
BRDA:356,45,0,1
BRDA:357,46,0,0
BRDA:362,47,0,1
BRDA:369,48,0,0
BRDA:381,49,0,1
BRF:50
BRH:37
end_of_record
